[Sat Aug 27 18:11:39.441853 2016] [ssl:warn] [pid 1124:tid 508] AH01909: fe80::65f4:7edb:6eab:daef:443:0 server certificate does NOT include an ID which matches the server name
[Sat Aug 27 18:11:39.975655 2016] [ssl:warn] [pid 1124:tid 508] AH01909: fe80::65f4:7edb:6eab:daef:443:0 server certificate does NOT include an ID which matches the server name
[Sat Aug 27 18:11:41.130858 2016] [ssl:warn] [pid 2444:tid 448] AH01909: fe80::65f4:7edb:6eab:daef:443:0 server certificate does NOT include an ID which matches the server name
[Sat Aug 27 18:11:41.685864 2016] [ssl:warn] [pid 2444:tid 448] AH01909: fe80::65f4:7edb:6eab:daef:443:0 server certificate does NOT include an ID which matches the server name
[Sun Aug 28 09:37:00.212628 2016] [ssl:warn] [pid 3116:tid 508] AH01909: fe80::65f4:7edb:6eab:daef:443:0 server certificate does NOT include an ID which matches the server name
[Sun Aug 28 09:37:01.772630 2016] [ssl:warn] [pid 3116:tid 508] AH01909: fe80::65f4:7edb:6eab:daef:443:0 server certificate does NOT include an ID which matches the server name
[Sun Aug 28 09:37:10.493046 2016] [ssl:warn] [pid 3756:tid 448] AH01909: fe80::65f4:7edb:6eab:daef:443:0 server certificate does NOT include an ID which matches the server name
[Sun Aug 28 09:37:11.522648 2016] [ssl:warn] [pid 3756:tid 448] AH01909: fe80::65f4:7edb:6eab:daef:443:0 server certificate does NOT include an ID which matches the server name
[Sun Aug 28 18:07:01.015036 2016] [ssl:warn] [pid 3180:tid 508] AH01909: ::1:443:0 server certificate does NOT include an ID which matches the server name
[Sun Aug 28 18:07:02.013438 2016] [ssl:warn] [pid 3180:tid 508] AH01909: ::1:443:0 server certificate does NOT include an ID which matches the server name
[Sun Aug 28 18:07:09.563851 2016] [ssl:warn] [pid 3740:tid 448] AH01909: ::1:443:0 server certificate does NOT include an ID which matches the server name
[Sun Aug 28 18:07:10.281452 2016] [ssl:warn] [pid 3740:tid 448] AH01909: ::1:443:0 server certificate does NOT include an ID which matches the server name
[Sun Aug 28 21:00:41.586940 2016] [ssl:warn] [pid 3204:tid 508] AH01909: fe80::65f4:7edb:6eab:daef:443:0 server certificate does NOT include an ID which matches the server name
[Sun Aug 28 21:00:42.273342 2016] [ssl:warn] [pid 3204:tid 508] AH01909: fe80::65f4:7edb:6eab:daef:443:0 server certificate does NOT include an ID which matches the server name
[Sun Aug 28 21:00:47.936152 2016] [ssl:warn] [pid 3728:tid 448] AH01909: fe80::65f4:7edb:6eab:daef:443:0 server certificate does NOT include an ID which matches the server name
[Sun Aug 28 21:00:50.104555 2016] [ssl:warn] [pid 3728:tid 448] AH01909: fe80::65f4:7edb:6eab:daef:443:0 server certificate does NOT include an ID which matches the server name
[Mon Aug 29 21:05:47.164627 2016] [ssl:warn] [pid 3240:tid 508] AH01909: fe80::65f4:7edb:6eab:daef:443:0 server certificate does NOT include an ID which matches the server name
[Mon Aug 29 21:05:48.428229 2016] [ssl:warn] [pid 3240:tid 508] AH01909: fe80::65f4:7edb:6eab:daef:443:0 server certificate does NOT include an ID which matches the server name
[Mon Aug 29 21:05:55.089441 2016] [ssl:warn] [pid 3828:tid 448] AH01909: fe80::65f4:7edb:6eab:daef:443:0 server certificate does NOT include an ID which matches the server name
[Mon Aug 29 21:05:57.632245 2016] [ssl:warn] [pid 3828:tid 448] AH01909: fe80::65f4:7edb:6eab:daef:443:0 server certificate does NOT include an ID which matches the server name
[Tue Aug 30 08:39:13.025019 2016] [ssl:warn] [pid 3096:tid 508] AH01909: ::1:443:0 server certificate does NOT include an ID which matches the server name
[Tue Aug 30 08:39:16.113824 2016] [ssl:warn] [pid 3096:tid 508] AH01909: ::1:443:0 server certificate does NOT include an ID which matches the server name
[Tue Aug 30 08:39:29.171047 2016] [ssl:warn] [pid 3868:tid 448] AH01909: ::1:443:0 server certificate does NOT include an ID which matches the server name
[Tue Aug 30 08:39:29.888648 2016] [ssl:warn] [pid 3868:tid 448] AH01909: ::1:443:0 server certificate does NOT include an ID which matches the server name
[Tue Aug 30 21:27:24.567419 2016] [ssl:warn] [pid 3196:tid 508] AH01909: fe80::65f4:7edb:6eab:daef:443:0 server certificate does NOT include an ID which matches the server name
[Tue Aug 30 21:27:26.751423 2016] [ssl:warn] [pid 3196:tid 508] AH01909: fe80::65f4:7edb:6eab:daef:443:0 server certificate does NOT include an ID which matches the server name
[Tue Aug 30 21:27:39.777446 2016] [ssl:warn] [pid 3996:tid 448] AH01909: fe80::65f4:7edb:6eab:daef:443:0 server certificate does NOT include an ID which matches the server name
[Tue Aug 30 21:27:40.526247 2016] [ssl:warn] [pid 3996:tid 448] AH01909: fe80::65f4:7edb:6eab:daef:443:0 server certificate does NOT include an ID which matches the server name
[Wed Aug 31 09:02:14.380624 2016] [ssl:warn] [pid 3112:tid 508] AH01909: ::1:443:0 server certificate does NOT include an ID which matches the server name
[Wed Aug 31 09:02:15.566226 2016] [ssl:warn] [pid 3112:tid 508] AH01909: ::1:443:0 server certificate does NOT include an ID which matches the server name
[Wed Aug 31 09:02:26.720246 2016] [ssl:warn] [pid 3708:tid 448] AH01909: ::1:443:0 server certificate does NOT include an ID which matches the server name
[Wed Aug 31 09:02:27.406647 2016] [ssl:warn] [pid 3708:tid 448] AH01909: ::1:443:0 server certificate does NOT include an ID which matches the server name
[Wed Aug 31 17:24:00.663014 2016] [ssl:warn] [pid 2356:tid 508] AH01909: ::1:443:0 server certificate does NOT include an ID which matches the server name
[Wed Aug 31 17:24:02.176217 2016] [ssl:warn] [pid 2356:tid 508] AH01909: ::1:443:0 server certificate does NOT include an ID which matches the server name
[Wed Aug 31 17:24:08.634628 2016] [ssl:warn] [pid 3596:tid 448] AH01909: ::1:443:0 server certificate does NOT include an ID which matches the server name
[Wed Aug 31 17:24:09.461430 2016] [ssl:warn] [pid 3596:tid 448] AH01909: ::1:443:0 server certificate does NOT include an ID which matches the server name
[Sun Sep 04 12:29:19.963125 2016] [ssl:warn] [pid 5608:tid 508] AH01909: fe80::65f4:7edb:6eab:daef:443:0 server certificate does NOT include an ID which matches the server name
[Sun Sep 04 12:29:20.612339 2016] [ssl:warn] [pid 5608:tid 508] AH01909: fe80::65f4:7edb:6eab:daef:443:0 server certificate does NOT include an ID which matches the server name
[Sun Sep 04 12:29:21.909353 2016] [ssl:warn] [pid 6696:tid 448] AH01909: fe80::65f4:7edb:6eab:daef:443:0 server certificate does NOT include an ID which matches the server name
[Sun Sep 04 12:29:22.430158 2016] [ssl:warn] [pid 6696:tid 448] AH01909: fe80::65f4:7edb:6eab:daef:443:0 server certificate does NOT include an ID which matches the server name
[Sun Sep 04 15:29:36.969355 2016] [ssl:warn] [pid 3184:tid 508] AH01909: ::1:443:0 server certificate does NOT include an ID which matches the server name
[Sun Sep 04 15:29:37.671357 2016] [ssl:warn] [pid 3184:tid 508] AH01909: ::1:443:0 server certificate does NOT include an ID which matches the server name
[Sun Sep 04 15:29:45.674171 2016] [ssl:warn] [pid 3884:tid 448] AH01909: fe80::65f4:7edb:6eab:daef:443:0 server certificate does NOT include an ID which matches the server name
[Sun Sep 04 15:29:46.360572 2016] [ssl:warn] [pid 3884:tid 448] AH01909: fe80::65f4:7edb:6eab:daef:443:0 server certificate does NOT include an ID which matches the server name
[Sun Sep 04 15:41:54.671908 2016] [ssl:warn] [pid 3044:tid 508] AH01909: fe80::65f4:7edb:6eab:daef:443:0 server certificate does NOT include an ID which matches the server name
[Sun Sep 04 15:41:55.266110 2016] [ssl:warn] [pid 3044:tid 508] AH01909: fe80::65f4:7edb:6eab:daef:443:0 server certificate does NOT include an ID which matches the server name
[Sun Sep 04 15:41:56.642115 2016] [ssl:warn] [pid 5564:tid 448] AH01909: fe80::65f4:7edb:6eab:daef:443:0 server certificate does NOT include an ID which matches the server name
[Sun Sep 04 15:41:57.158317 2016] [ssl:warn] [pid 5564:tid 448] AH01909: fe80::65f4:7edb:6eab:daef:443:0 server certificate does NOT include an ID which matches the server name
[Sun Sep 04 15:48:26.510609 2016] [ssl:warn] [pid 1584:tid 508] AH01909: fe80::65f4:7edb:6eab:daef:443:0 server certificate does NOT include an ID which matches the server name
[Sun Sep 04 15:48:27.034639 2016] [ssl:warn] [pid 1584:tid 508] AH01909: fe80::65f4:7edb:6eab:daef:443:0 server certificate does NOT include an ID which matches the server name
[Sun Sep 04 15:48:28.177704 2016] [ssl:warn] [pid 3888:tid 448] AH01909: fe80::65f4:7edb:6eab:daef:443:0 server certificate does NOT include an ID which matches the server name
[Sun Sep 04 15:48:28.704734 2016] [ssl:warn] [pid 3888:tid 448] AH01909: fe80::65f4:7edb:6eab:daef:443:0 server certificate does NOT include an ID which matches the server name
[Thu Sep 08 09:21:36.173364 2016] [ssl:warn] [pid 3236:tid 508] AH01909: ::1:443:0 server certificate does NOT include an ID which matches the server name
[Thu Sep 08 09:21:37.608566 2016] [ssl:warn] [pid 3236:tid 508] AH01909: ::1:443:0 server certificate does NOT include an ID which matches the server name
[Thu Sep 08 09:21:44.488178 2016] [ssl:warn] [pid 3868:tid 448] AH01909: ::1:443:0 server certificate does NOT include an ID which matches the server name
[Thu Sep 08 09:21:45.065379 2016] [ssl:warn] [pid 3868:tid 448] AH01909: ::1:443:0 server certificate does NOT include an ID which matches the server name
[Thu Sep 08 16:46:51.499365 2016] [ssl:warn] [pid 3116:tid 508] AH01909: ::1:443:0 server certificate does NOT include an ID which matches the server name
[Thu Sep 08 16:46:52.575767 2016] [ssl:warn] [pid 3116:tid 508] AH01909: ::1:443:0 server certificate does NOT include an ID which matches the server name
[Thu Sep 08 16:46:59.455379 2016] [ssl:warn] [pid 3832:tid 448] AH01909: ::1:443:0 server certificate does NOT include an ID which matches the server name
[Thu Sep 08 16:47:00.063780 2016] [ssl:warn] [pid 3832:tid 448] AH01909: ::1:443:0 server certificate does NOT include an ID which matches the server name
[Sat Sep 10 10:14:53.108154 2016] [ssl:warn] [pid 3228:tid 508] AH01909: ::1:443:0 server certificate does NOT include an ID which matches the server name
[Sat Sep 10 10:14:53.685355 2016] [ssl:warn] [pid 3228:tid 508] AH01909: ::1:443:0 server certificate does NOT include an ID which matches the server name
[Sat Sep 10 10:14:55.463758 2016] [ssl:warn] [pid 3324:tid 448] AH01909: ::1:443:0 server certificate does NOT include an ID which matches the server name
[Sat Sep 10 10:14:55.978559 2016] [ssl:warn] [pid 3324:tid 448] AH01909: ::1:443:0 server certificate does NOT include an ID which matches the server name
[Tue Sep 13 11:17:45.293306 2016] [ssl:warn] [pid 3064:tid 508] AH01909: fe80::65f4:7edb:6eab:daef:443:0 server certificate does NOT include an ID which matches the server name
[Tue Sep 13 11:17:47.399310 2016] [ssl:warn] [pid 3064:tid 508] AH01909: fe80::65f4:7edb:6eab:daef:443:0 server certificate does NOT include an ID which matches the server name
[Tue Sep 13 11:17:50.363315 2016] [ssl:warn] [pid 2772:tid 448] AH01909: fe80::65f4:7edb:6eab:daef:443:0 server certificate does NOT include an ID which matches the server name
[Tue Sep 13 11:17:51.314917 2016] [ssl:warn] [pid 2772:tid 448] AH01909: fe80::65f4:7edb:6eab:daef:443:0 server certificate does NOT include an ID which matches the server name
[Tue Sep 13 15:28:59.984943 2016] [ssl:warn] [pid 3172:tid 508] AH01909: ::1:443:0 server certificate does NOT include an ID which matches the server name
[Tue Sep 13 15:29:00.530944 2016] [ssl:warn] [pid 3172:tid 508] AH01909: ::1:443:0 server certificate does NOT include an ID which matches the server name
[Tue Sep 13 15:29:03.229749 2016] [ssl:warn] [pid 3220:tid 448] AH01909: ::1:443:0 server certificate does NOT include an ID which matches the server name
[Tue Sep 13 15:29:03.744550 2016] [ssl:warn] [pid 3220:tid 448] AH01909: ::1:443:0 server certificate does NOT include an ID which matches the server name
[Tue Sep 13 17:47:39.451750 2016] [ssl:warn] [pid 2108:tid 508] AH01909: fe80::65f4:7edb:6eab:daef:443:0 server certificate does NOT include an ID which matches the server name
[Tue Sep 13 17:47:40.401782 2016] [ssl:warn] [pid 2108:tid 508] AH01909: fe80::65f4:7edb:6eab:daef:443:0 server certificate does NOT include an ID which matches the server name
[Tue Sep 13 17:47:43.278287 2016] [ssl:warn] [pid 3412:tid 448] AH01909: fe80::65f4:7edb:6eab:daef:443:0 server certificate does NOT include an ID which matches the server name
[Tue Sep 13 17:47:43.917888 2016] [ssl:warn] [pid 3412:tid 448] AH01909: fe80::65f4:7edb:6eab:daef:443:0 server certificate does NOT include an ID which matches the server name
[Sat Sep 17 10:40:43.301337 2016] [ssl:warn] [pid 3208:tid 508] AH01909: ::1:443:0 server certificate does NOT include an ID which matches the server name
[Sat Sep 17 10:40:43.878538 2016] [ssl:warn] [pid 3208:tid 508] AH01909: ::1:443:0 server certificate does NOT include an ID which matches the server name
[Sat Sep 17 10:40:45.313741 2016] [ssl:warn] [pid 3284:tid 448] AH01909: ::1:443:0 server certificate does NOT include an ID which matches the server name
[Sat Sep 17 10:40:45.890942 2016] [ssl:warn] [pid 3284:tid 448] AH01909: ::1:443:0 server certificate does NOT include an ID which matches the server name
[Sun Sep 25 09:47:38.715744 2016] [ssl:warn] [pid 3208:tid 508] AH01909: ::1:443:0 server certificate does NOT include an ID which matches the server name
[Sun Sep 25 09:47:39.339745 2016] [ssl:warn] [pid 3208:tid 508] AH01909: ::1:443:0 server certificate does NOT include an ID which matches the server name
[Sun Sep 25 09:47:40.400547 2016] [ssl:warn] [pid 3264:tid 448] AH01909: ::1:443:0 server certificate does NOT include an ID which matches the server name
[Sun Sep 25 09:47:41.274148 2016] [ssl:warn] [pid 3264:tid 448] AH01909: ::1:443:0 server certificate does NOT include an ID which matches the server name
[Sun Sep 25 17:11:50.298526 2016] [ssl:warn] [pid 3108:tid 508] AH01909: ::1:443:0 server certificate does NOT include an ID which matches the server name
[Sun Sep 25 17:11:51.304128 2016] [ssl:warn] [pid 3108:tid 508] AH01909: ::1:443:0 server certificate does NOT include an ID which matches the server name
[Sun Sep 25 17:11:53.503732 2016] [ssl:warn] [pid 3332:tid 448] AH01909: ::1:443:0 server certificate does NOT include an ID which matches the server name
[Sun Sep 25 17:11:54.892134 2016] [ssl:warn] [pid 3332:tid 448] AH01909: ::1:443:0 server certificate does NOT include an ID which matches the server name
[Mon Sep 26 15:18:51.633762 2016] [ssl:warn] [pid 3228:tid 508] AH01909: ::1:443:0 server certificate does NOT include an ID which matches the server name
[Mon Sep 26 15:18:52.710163 2016] [ssl:warn] [pid 3228:tid 508] AH01909: ::1:443:0 server certificate does NOT include an ID which matches the server name
[Mon Sep 26 15:18:56.048569 2016] [ssl:warn] [pid 3472:tid 448] AH01909: ::1:443:0 server certificate does NOT include an ID which matches the server name
[Mon Sep 26 15:18:56.890971 2016] [ssl:warn] [pid 3472:tid 448] AH01909: ::1:443:0 server certificate does NOT include an ID which matches the server name
[Thu Sep 29 09:54:25.860940 2016] [ssl:warn] [pid 3388:tid 508] AH01909: ::1:443:0 server certificate does NOT include an ID which matches the server name
[Thu Sep 29 09:54:26.438141 2016] [ssl:warn] [pid 3388:tid 508] AH01909: ::1:443:0 server certificate does NOT include an ID which matches the server name
[Thu Sep 29 09:54:28.668945 2016] [ssl:warn] [pid 3512:tid 448] AH01909: ::1:443:0 server certificate does NOT include an ID which matches the server name
[Thu Sep 29 09:54:29.636147 2016] [ssl:warn] [pid 3512:tid 448] AH01909: ::1:443:0 server certificate does NOT include an ID which matches the server name
[Thu Sep 29 13:53:32.239733 2016] [ssl:warn] [pid 3216:tid 508] AH01909: fe80::65f4:7edb:6eab:daef:443:0 server certificate does NOT include an ID which matches the server name
[Thu Sep 29 13:53:32.770134 2016] [ssl:warn] [pid 3216:tid 508] AH01909: fe80::65f4:7edb:6eab:daef:443:0 server certificate does NOT include an ID which matches the server name
[Thu Sep 29 13:53:33.862136 2016] [ssl:warn] [pid 3260:tid 448] AH01909: fe80::65f4:7edb:6eab:daef:443:0 server certificate does NOT include an ID which matches the server name
[Thu Sep 29 13:53:34.813738 2016] [ssl:warn] [pid 3260:tid 448] AH01909: fe80::65f4:7edb:6eab:daef:443:0 server certificate does NOT include an ID which matches the server name
[Sun Oct 02 11:40:22.739314 2016] [ssl:warn] [pid 2440:tid 508] AH01909: ::1:443:0 server certificate does NOT include an ID which matches the server name
[Sun Oct 02 11:40:23.566116 2016] [ssl:warn] [pid 2440:tid 508] AH01909: ::1:443:0 server certificate does NOT include an ID which matches the server name
[Sun Oct 02 11:40:24.720518 2016] [ssl:warn] [pid 3028:tid 448] AH01909: ::1:443:0 server certificate does NOT include an ID which matches the server name
[Sun Oct 02 11:40:25.235319 2016] [ssl:warn] [pid 3028:tid 448] AH01909: ::1:443:0 server certificate does NOT include an ID which matches the server name
[Sun Oct 02 15:29:48.372547 2016] [ssl:warn] [pid 3204:tid 508] AH01909: ::1:443:0 server certificate does NOT include an ID which matches the server name
[Sun Oct 02 15:29:49.105749 2016] [ssl:warn] [pid 3204:tid 508] AH01909: ::1:443:0 server certificate does NOT include an ID which matches the server name
[Sun Oct 02 15:29:50.166550 2016] [ssl:warn] [pid 3248:tid 448] AH01909: ::1:443:0 server certificate does NOT include an ID which matches the server name
[Sun Oct 02 15:29:50.696951 2016] [ssl:warn] [pid 3248:tid 448] AH01909: ::1:443:0 server certificate does NOT include an ID which matches the server name
[Mon Oct 10 08:52:53.248542 2016] [ssl:warn] [pid 3216:tid 508] AH01909: ::1:443:0 server certificate does NOT include an ID which matches the server name
[Mon Oct 10 08:52:53.950543 2016] [ssl:warn] [pid 3216:tid 508] AH01909: ::1:443:0 server certificate does NOT include an ID which matches the server name
[Mon Oct 10 08:52:57.710150 2016] [ssl:warn] [pid 3740:tid 448] AH01909: ::1:443:0 server certificate does NOT include an ID which matches the server name
[Mon Oct 10 08:52:58.536951 2016] [ssl:warn] [pid 3740:tid 448] AH01909: ::1:443:0 server certificate does NOT include an ID which matches the server name
[Mon Oct 10 09:25:12.601351 2016] [ssl:warn] [pid 3224:tid 508] AH01909: fe80::65f4:7edb:6eab:daef:443:0 server certificate does NOT include an ID which matches the server name
[Mon Oct 10 09:25:13.365752 2016] [ssl:warn] [pid 3224:tid 508] AH01909: fe80::65f4:7edb:6eab:daef:443:0 server certificate does NOT include an ID which matches the server name
[Mon Oct 10 09:25:15.580956 2016] [ssl:warn] [pid 3600:tid 448] AH01909: fe80::65f4:7edb:6eab:daef:443:0 server certificate does NOT include an ID which matches the server name
[Mon Oct 10 09:25:16.111357 2016] [ssl:warn] [pid 3600:tid 448] AH01909: fe80::65f4:7edb:6eab:daef:443:0 server certificate does NOT include an ID which matches the server name
[Mon Oct 10 15:28:21.399351 2016] [ssl:warn] [pid 3092:tid 508] AH01909: ::1:443:0 server certificate does NOT include an ID which matches the server name
[Mon Oct 10 15:28:22.210553 2016] [ssl:warn] [pid 3092:tid 508] AH01909: ::1:443:0 server certificate does NOT include an ID which matches the server name
[Mon Oct 10 15:28:23.739356 2016] [ssl:warn] [pid 3580:tid 448] AH01909: ::1:443:0 server certificate does NOT include an ID which matches the server name
[Mon Oct 10 15:28:24.269757 2016] [ssl:warn] [pid 3580:tid 448] AH01909: ::1:443:0 server certificate does NOT include an ID which matches the server name
[Mon Oct 10 19:16:13.517561 2016] [ssl:warn] [pid 3148:tid 508] AH01909: fe80::65f4:7edb:6eab:daef:443:0 server certificate does NOT include an ID which matches the server name
[Mon Oct 10 19:16:14.079162 2016] [ssl:warn] [pid 3148:tid 508] AH01909: fe80::65f4:7edb:6eab:daef:443:0 server certificate does NOT include an ID which matches the server name
[Mon Oct 10 19:16:15.124364 2016] [ssl:warn] [pid 3304:tid 448] AH01909: fe80::65f4:7edb:6eab:daef:443:0 server certificate does NOT include an ID which matches the server name
[Mon Oct 10 19:16:15.732765 2016] [ssl:warn] [pid 3304:tid 448] AH01909: fe80::65f4:7edb:6eab:daef:443:0 server certificate does NOT include an ID which matches the server name
[Sun Oct 16 11:35:56.088924 2016] [ssl:warn] [pid 3016:tid 508] AH01909: ::1:443:0 server certificate does NOT include an ID which matches the server name
[Sun Oct 16 11:35:56.842940 2016] [ssl:warn] [pid 3016:tid 508] AH01909: ::1:443:0 server certificate does NOT include an ID which matches the server name
[Sun Oct 16 11:35:58.140950 2016] [ssl:warn] [pid 3384:tid 448] AH01909: ::1:443:0 server certificate does NOT include an ID which matches the server name
[Sun Oct 16 11:35:59.184957 2016] [ssl:warn] [pid 3384:tid 448] AH01909: ::1:443:0 server certificate does NOT include an ID which matches the server name
[Sun Oct 16 16:47:43.766554 2016] [ssl:warn] [pid 3180:tid 508] AH01909: ::1:443:0 server certificate does NOT include an ID which matches the server name
[Sun Oct 16 16:47:44.593355 2016] [ssl:warn] [pid 3180:tid 508] AH01909: ::1:443:0 server certificate does NOT include an ID which matches the server name
[Sun Oct 16 16:47:46.075358 2016] [ssl:warn] [pid 3332:tid 448] AH01909: ::1:443:0 server certificate does NOT include an ID which matches the server name
[Sun Oct 16 16:47:46.683759 2016] [ssl:warn] [pid 3332:tid 448] AH01909: ::1:443:0 server certificate does NOT include an ID which matches the server name
[Sat Oct 22 15:29:32.577377 2016] [ssl:warn] [pid 3224:tid 508] AH01909: ::1:443:0 server certificate does NOT include an ID which matches the server name
[Sat Oct 22 15:29:33.450979 2016] [ssl:warn] [pid 3224:tid 508] AH01909: ::1:443:0 server certificate does NOT include an ID which matches the server name
[Sat Oct 22 15:29:36.820585 2016] [ssl:warn] [pid 3376:tid 448] AH01909: ::1:443:0 server certificate does NOT include an ID which matches the server name
[Sat Oct 22 15:29:37.740986 2016] [ssl:warn] [pid 3376:tid 448] AH01909: ::1:443:0 server certificate does NOT include an ID which matches the server name
[Sun Oct 23 10:20:22.586575 2016] [ssl:warn] [pid 3168:tid 508] AH01909: ::1:443:0 server certificate does NOT include an ID which matches the server name
[Sun Oct 23 10:20:23.210576 2016] [ssl:warn] [pid 3168:tid 508] AH01909: ::1:443:0 server certificate does NOT include an ID which matches the server name
[Sun Oct 23 10:20:25.784581 2016] [ssl:warn] [pid 3380:tid 448] AH01909: ::1:443:0 server certificate does NOT include an ID which matches the server name
[Sun Oct 23 10:20:26.346182 2016] [ssl:warn] [pid 3380:tid 448] AH01909: ::1:443:0 server certificate does NOT include an ID which matches the server name
[Sun Oct 23 10:52:53.909699 2016] [ssl:warn] [pid 2636:tid 512] AH01909: ::1:443:0 server certificate does NOT include an ID which matches the server name
[Sun Oct 23 10:52:55.438501 2016] [ssl:warn] [pid 2636:tid 512] AH01909: ::1:443:0 server certificate does NOT include an ID which matches the server name
[Sun Oct 23 10:53:00.300121 2016] [ssl:warn] [pid 3036:tid 448] AH01909: ::1:443:0 server certificate does NOT include an ID which matches the server name
[Sun Oct 23 10:53:00.927140 2016] [ssl:warn] [pid 3036:tid 448] AH01909: ::1:443:0 server certificate does NOT include an ID which matches the server name
[Sun Oct 23 18:15:00.082550 2016] [ssl:warn] [pid 3268:tid 508] AH01909: fe80::65f4:7edb:6eab:daef:443:0 server certificate does NOT include an ID which matches the server name
[Sun Oct 23 18:15:01.252552 2016] [ssl:warn] [pid 3268:tid 508] AH01909: fe80::65f4:7edb:6eab:daef:443:0 server certificate does NOT include an ID which matches the server name
[Sun Oct 23 18:15:03.842157 2016] [ssl:warn] [pid 3492:tid 448] AH01909: fe80::65f4:7edb:6eab:daef:443:0 server certificate does NOT include an ID which matches the server name
[Sun Oct 23 18:15:04.481758 2016] [ssl:warn] [pid 3492:tid 448] AH01909: fe80::65f4:7edb:6eab:daef:443:0 server certificate does NOT include an ID which matches the server name
[Mon Oct 31 11:42:28.294914 2016] [ssl:warn] [pid 2108:tid 508] AH01909: ::1:443:0 server certificate does NOT include an ID which matches the server name
[Mon Oct 31 11:42:28.896927 2016] [ssl:warn] [pid 2108:tid 508] AH01909: ::1:443:0 server certificate does NOT include an ID which matches the server name
[Mon Oct 31 11:42:30.944988 2016] [ssl:warn] [pid 3208:tid 448] AH01909: ::1:443:0 server certificate does NOT include an ID which matches the server name
[Mon Oct 31 11:42:31.670189 2016] [ssl:warn] [pid 3208:tid 448] AH01909: ::1:443:0 server certificate does NOT include an ID which matches the server name
[Mon Oct 31 17:27:30.636564 2016] [ssl:warn] [pid 3208:tid 508] AH01909: ::1:443:0 server certificate does NOT include an ID which matches the server name
[Mon Oct 31 17:27:31.276165 2016] [ssl:warn] [pid 3208:tid 508] AH01909: ::1:443:0 server certificate does NOT include an ID which matches the server name
[Mon Oct 31 17:27:33.709769 2016] [ssl:warn] [pid 3368:tid 448] AH01909: ::1:443:0 server certificate does NOT include an ID which matches the server name
[Mon Oct 31 17:27:34.801771 2016] [ssl:warn] [pid 3368:tid 448] AH01909: ::1:443:0 server certificate does NOT include an ID which matches the server name
[Mon Oct 31 17:42:09.304155 2016] [ssl:warn] [pid 2304:tid 516] AH01909: ::1:443:0 server certificate does NOT include an ID which matches the server name
[Mon Oct 31 17:42:10.235176 2016] [ssl:warn] [pid 2304:tid 516] AH01909: ::1:443:0 server certificate does NOT include an ID which matches the server name
[Mon Oct 31 17:42:12.744208 2016] [ssl:warn] [pid 3472:tid 448] AH01909: ::1:443:0 server certificate does NOT include an ID which matches the server name
[Mon Oct 31 17:42:13.320211 2016] [ssl:warn] [pid 3472:tid 448] AH01909: ::1:443:0 server certificate does NOT include an ID which matches the server name
[Thu Nov 03 16:39:35.607777 2016] [ssl:warn] [pid 3220:tid 508] AH01909: ::1:443:0 server certificate does NOT include an ID which matches the server name
[Thu Nov 03 16:39:36.153778 2016] [ssl:warn] [pid 3220:tid 508] AH01909: ::1:443:0 server certificate does NOT include an ID which matches the server name
[Thu Nov 03 16:39:37.900981 2016] [ssl:warn] [pid 3360:tid 448] AH01909: ::1:443:0 server certificate does NOT include an ID which matches the server name
[Thu Nov 03 16:39:38.571782 2016] [ssl:warn] [pid 3360:tid 448] AH01909: ::1:443:0 server certificate does NOT include an ID which matches the server name
[Sun Nov 06 08:35:59.410552 2016] [ssl:warn] [pid 3240:tid 508] AH01909: ::1:443:0 server certificate does NOT include an ID which matches the server name
[Sun Nov 06 08:36:00.112553 2016] [ssl:warn] [pid 3240:tid 508] AH01909: ::1:443:0 server certificate does NOT include an ID which matches the server name
[Sun Nov 06 08:36:01.454156 2016] [ssl:warn] [pid 3644:tid 448] AH01909: ::1:443:0 server certificate does NOT include an ID which matches the server name
[Sun Nov 06 08:36:02.031357 2016] [ssl:warn] [pid 3644:tid 448] AH01909: ::1:443:0 server certificate does NOT include an ID which matches the server name
[Sun Nov 06 17:52:56.080922 2016] [ssl:warn] [pid 3196:tid 508] AH01909: ::1:443:0 server certificate does NOT include an ID which matches the server name
[Sun Nov 06 17:52:56.798523 2016] [ssl:warn] [pid 3196:tid 508] AH01909: ::1:443:0 server certificate does NOT include an ID which matches the server name
[Sun Nov 06 17:52:58.311726 2016] [ssl:warn] [pid 3532:tid 448] AH01909: ::1:443:0 server certificate does NOT include an ID which matches the server name
[Sun Nov 06 17:52:58.904527 2016] [ssl:warn] [pid 3532:tid 448] AH01909: ::1:443:0 server certificate does NOT include an ID which matches the server name
